-------------------------------------------------------------------------------
Test set: com.recepies.RecipiesProjectApplicationTests
-------------------------------------------------------------------------------
Tests run: 1, Failures: 0, Errors: 1, Skipped: 0, Time elapsed: 0.187 s <<< FAILURE! - in com.recepies.RecipiesProjectApplicationTests
com.recepies.RecipiesProjectApplicationTests  Time elapsed: 0.184 s  <<< ERROR!
java.lang.IllegalStateException: Unable to find a @SpringBootConfiguration, you need to use @ContextConfiguration or @SpringBootTest(classes=...) with your test

